<?xml version="1.0" encoding="UTF-8"?>
<!-- Generated by org.testng.reporters.JUnitXMLReporter -->
<testsuite ignored="0" hostname="DESKTOP-T0OMVLN" failures="0" tests="8" name="Default test" time="3.812" errors="0" timestamp="2021-06-18T10:55:48 BST">
  <testcase classname="demoapi.BasicTestCase2" name="getLatest" time="1.739"/>
  <testcase classname="demoapi.BasicTestCase2" name="getPlaying" time="0.101"/>
  <testcase classname="demoapi.BasicTestCase2" name="getPopular" time="0.108"/>
  <testcase classname="demoapi.BasicTestCase2" name="newRequestToekn" time="0.658"/>
  <testcase classname="demoapi.BasicTestCase2" name="authorizeTheRequestToken" time="0.351"/>
  <testcase classname="demoapi.BasicTestCase2" name="newSessionIdForAuthorizedUser" time="0.311"/>
  <testcase classname="demoapi.BasicTestCase2" name="getPostMovie" time="0.292"/>
  <testcase classname="demoapi.BasicTestCase2" name="deleteRating" time="0.208"/>
</testsuite> <!-- Default test -->
