<?xml version="1.0" encoding="UTF-8"?>
<!-- Generated by org.testng.reporters.JUnitXMLReporter -->
<testsuite ignored="0" hostname="DESKTOP-T0OMVLN" failures="0" tests="8" name="Test" time="3.74" errors="0" timestamp="2021-06-18T11:59:44 BST">
  <testcase classname="demoapi.BasicTestCase" name="getLatest" time="1.805"/>
  <testcase classname="demoapi.BasicTestCase" name="getPlaying" time="0.114"/>
  <testcase classname="demoapi.BasicTestCase" name="getPopular" time="0.112"/>
  <testcase classname="demoapi.BasicTestCase" name="newRequestToekn" time="0.574"/>
  <testcase classname="demoapi.BasicTestCase" name="authorizeTheRequestToken" time="0.277"/>
  <testcase classname="demoapi.BasicTestCase" name="newSessionIdForAuthorizedUser" time="0.349"/>
  <testcase classname="demoapi.BasicTestCase" name="getPostMovie" time="0.277"/>
  <testcase classname="demoapi.BasicTestCase" name="deleteRating" time="0.196"/>
</testsuite> <!-- Test -->
